yahoo.com.br/teste/
uol.com.br
uai.com.br/f1/f2.txt
teste.com.br/a/b/c/index.html
http://yahoo.com.br/123/a.htm
http://uol.com.br/f1/f2
http://yahoo.com.br/te/fa/fa.index
https://app-vulcano.buildstaging.com/sockjs/048/agr4wrdm/websocket
https://app-vulcano.buildstaging.com/sockjs/info?cb=w93w9kqxyl
https://app-vulcano.buildstaging.com/sockjs/info?cb=qhf_pgp9m0
https://app-vulcano.buildstaging.com/sockjs/914/xlqsu50x/websocket
https://api-identification.buildstaging.com/id.gif?cid=1569249357962222151416001715300&bid=1569249357962222151416001715300
https://tracking-api.buildstaging.com/rest/track?hotid=eyJzaWQiOiIyMmMwNmIzN2JiOTA0MzBhYjM4MjljNjBhNTQwMDk3MyIsInBhZ2V2aWV3X2lkIjoiUFZnOWMxYWIybTNtdGsxdGI3eXI3IiwidHJhY2VfaWQiOiJMVGppYnY0YWh6MXlrMXRiODAzOSJ9&previous=https%3A%2F%2Fapp-vulcano.buildstaging.com%2Fproducts%2Fadd%3Futm_source%3Dvulcano-products-producer%26utm_medium%3Dbutton&cid=1569249357962222151416001715300&bid=1569249357962222151416001715300&sid=22c06b37bb90430ab3829c60a5400973&userEmail=pedro.nogueira%2Bc%40hotmart.com&userId=10112829&userName=Pedro%20Micael
https://api-tos.buildstaging.com/v1/tos/user/accepted-last?projectName=HOTMART&typeName=GDPR
https://tracking-api.buildstaging.com/rest/track?hotid=eyJjaWQiOiIxNTcxMTc4NDk2NDM2OTUwNTg2ODk0MzEyMDE3NDAwIiwiYmlkIjoiMTU3MTE3ODQ5NjQzNjk1MDU4Njg5NDMxMjAxNzQwMCIsInNpZCI6IjJjMDgwMTczMjkxMDQyMjU5YjcwZTgyZGJiNzM5YzE4IiwicGFnZXZpZXdfaWQiOiJQVjk5aGdnaHc2NGZxazF0Yjd5Z3oiLCJ0cmFjZV9pZCI6IkxUM2Q4empnMnVnNWFrMXRiN3pwbSJ9&previous=https%3A%2F%2Fapp-vulcano.buildstaging.com%2Faccounts%2Fsettings%3Ftab%3Dpersonal%26currencyCode%3DBRL%26period%3D7&cid=1571178496436950586894312017400&bid=1571178496436950586894312017400&sid=2c080173291042259b70e82dbb739c18&userEmail=pedro.nogueira%2Ba%40hotmart.com&userId=10104425&userName=Jos%C3%A9%20Augusto
https://api-identification.buildstaging.com/id.gif?cid=1571178496436950586894312017400&bid=1571178496436950586894312017400
https://api-launcher.buildstaging.com/launcher.js
https://app-vulcano.buildstaging.com/sockjs/info?cb=_cwfn_vppv
https://app-vulcano.buildstaging.com/languages/multi/pt-BR.json
https://app-vulcano.buildstaging.com/favicon.ico
https://app-vulcano.buildstaging.com/images/banners/special/animation/img_4.png
https://apigateway.buildstaging.com/api-postback/postback/token
https://apigateway.buildstaging.com/api-postback/products/

